<?xml version="1.0" encoding="UTF-8"?>
<!-- Generated by org.testng.reporters.JUnitReportReporter -->
<testsuite hostname="DESKTOP-F0O8AJ9" failures="0" tests="9" name="com.qspider.atlasian.test.TrelloTestScript" time="719.105" errors="2" timestamp="2023-03-29T12:05:20 IST" skipped="0">
  <testcase classname="com.qspider.atlasian.test.TrelloTestScript" name="TrelloHomePageCheck" time="15.476"/>
  <system-out>
    <![CDATA[Home page is displayed and verfied upon its title]]>
  </system-out>
  <testcase classname="com.qspider.atlasian.test.TrelloTestScript" name="TrelloLoginPageCheck" time="16.830"/>
  <system-out>
    <![CDATA[Home page is displayed and verfied upon its title
Login Page is displayed  and it is verified upon the title
Login Page is displayed And it is Verified upon the url]]>
  </system-out>
  <testcase classname="com.qspider.atlasian.test.TrelloTestScript" name="TrelloBoardspage" time="84.119"/>
  <system-out>
    <![CDATA[Home page is displayed and verfied upon its title
Login Page is displayed  and it is verified upon the title
Login Page is displayed And it is Verified upon the url
Login with Atlassian account page is displyed and it is verified upon the title
Login with Atlassian account page is displyed and it is verified upon the Url
Board profile page is displyed and it is verified upon the Url
Board profile page is displyed and it is verified upon the title
Atlassian Logout page is displayed and it is verified upon the title
Home page is displayed and verfied upon its title
Home page is displayed and verfied upon its url]]>
  </system-out>
  <testcase classname="com.qspider.atlasian.test.TrelloTestScript" name="TrelloCreateAndDeleteBoard" time="101.570"/>
  <system-out>
    <![CDATA[Home page is displayed and verfied upon its title
Login Page is displayed  and it is verified upon the title
Login Page is displayed And it is Verified upon the url
Login with Atlassian account page is displyed and it is verified upon the title
Login with Atlassian account page is displyed and it is verified upon the Url
Board profile page is displyed and it is verified upon the Url
Board profile page is displyed and it is verified upon the title
Created Boards page is displayed and it is verified upon its title
Board profile page is displyed and it is verified upon the title
Board profile page is displyed and it is verified upon the url
Atlassian Logout page is displayed and it is verified upon the title
Home page is displayed and verfied upon its title
Home page is displayed and verfied upon its url]]>
  </system-out>
  <testcase classname="com.qspider.atlasian.test.TrelloTestScript" name="CreateBoardAndCreate2ListInTheBoard" time="106.362"/>
  <system-out>
    <![CDATA[Home page is displayed and verfied upon its title
Login Page is displayed  and it is verified upon the title
Login Page is displayed And it is Verified upon the url
Login with Atlassian account page is displyed and it is verified upon the title
Login with Atlassian account page is displyed and it is verified upon the Url
Board profile page is displyed and it is verified upon the Url
Board profile page is displyed and it is verified upon the title
Created Boards page is displayed and it is verified upon its title
Board profile page is displyed and it is verified upon the title
Board profile page is displyed and it is verified upon the url
Atlassian Logout page is displayed and it is verified upon the title
Home page is displayed and verfied upon its title
Home page is displayed and verfied upon its url]]>
  </system-out>
  <testcase classname="com.qspider.atlasian.test.TrelloTestScript" name="CreateBoardAndSwapThe2CreatedListInTheBoard" time="111.499"/>
  <system-out>
    <![CDATA[Home page is displayed and verfied upon its title
Login Page is displayed  and it is verified upon the title
Login Page is displayed And it is Verified upon the url
Login with Atlassian account page is displyed and it is verified upon the title
Login with Atlassian account page is displyed and it is verified upon the Url
Board profile page is displyed and it is verified upon the Url
Board profile page is displyed and it is verified upon the title
Created Boards page is displayed and it is verified upon its title
Board profile page is displyed and it is verified upon the title
Board profile page is displyed and it is verified upon the url
Atlassian Logout page is displayed and it is verified upon the title
Home page is displayed and verfied upon its title
Home page is displayed and verfied upon its url]]>
  </system-out>
  <testcase classname="com.qspider.atlasian.test.TrelloTestScript" name="CreateBoardAndArrangeTheCardsInTheAlphabeticalOrder" time="64.549">
    <error message="element click intercepted: Element &lt;span class=&quot;js-add-a-card&quot;&gt;...&lt;/span&gt; is not clickable at point (623, 148). Other element would receive the click: &lt;span class=&quot;quick-card-editor-buttons-item-text&quot;&gt;...&lt;/span&gt;
  (Session info: chrome=111.0.5563.112)
Build info: version: &#039;4.8.1&#039;, revision: &#039;8ebccac989&#039;
System info: os.name: &#039;Windows 10&#039;, os.arch: &#039;amd64&#039;, os.version: &#039;10.0&#039;, java.version: &#039;18.0.2&#039;
Driver info: org.openqa.selenium.chrome.ChromeDriver
Command: [29d4c312ee9d2b55dfc41bee9449f7c4, clickElement {id=cf283dec-d1bf-45e3-9598-3e5ddc1e147b}]
Capabilities {acceptInsecureCerts: false, browserName: chrome, browserVersion: 111.0.5563.112, chrome: {chromedriverVersion: 111.0.5563.64 (c710e93d5b63..., userDataDir: C:\Users\Admin\AppData\Loca...}, goog:chromeOptions: {debuggerAddress: localhost:60679}, networkConnectionEnabled: false, pageLoadStrategy: normal, platformName: WINDOWS, proxy: Proxy(), se:cdp: ws://localhost:60679/devtoo..., se:cdpVersion: 111.0.5563.112, setWindowRect: true, strictFileInteractability: false, timeouts: {implicit: 0, pageLoad: 300000, script: 30000}, unhandledPromptBehavior: dismiss and notify, webauthn:extension:credBlob: true, webauthn:extension:largeBlob: true, webauthn:extension:minPinLength: true, webauthn:extension:prf: true, webauthn:virtualAuthenticators: true}
Element: [[ChromeDriver: chrome on WINDOWS (29d4c312ee9d2b55dfc41bee9449f7c4)] -&gt; xpath: (//span[text()=&#039;Add a card&#039;])[2]]
Session ID: 29d4c312ee9d2b55dfc41bee9449f7c4" type="org.openqa.selenium.ElementClickInterceptedException">
      <![CDATA[org.openqa.selenium.ElementClickInterceptedException: element click intercepted: Element <span class="js-add-a-card">...</span> is not clickable at point (623, 148). Other element would receive the click: <span class="quick-card-editor-buttons-item-text">...</span>
  (Session info: chrome=111.0.5563.112)
Build info: version: '4.8.1', revision: '8ebccac989'
System info: os.name: 'Windows 10', os.arch: 'amd64', os.version: '10.0', java.version: '18.0.2'
Driver info: org.openqa.selenium.chrome.ChromeDriver
Command: [29d4c312ee9d2b55dfc41bee9449f7c4, clickElement {id=cf283dec-d1bf-45e3-9598-3e5ddc1e147b}]
Capabilities {acceptInsecureCerts: false, browserName: chrome, browserVersion: 111.0.5563.112, chrome: {chromedriverVersion: 111.0.5563.64 (c710e93d5b63..., userDataDir: C:\Users\Admin\AppData\Loca...}, goog:chromeOptions: {debuggerAddress: localhost:60679}, networkConnectionEnabled: false, pageLoadStrategy: normal, platformName: WINDOWS, proxy: Proxy(), se:cdp: ws://localhost:60679/devtoo..., se:cdpVersion: 111.0.5563.112, setWindowRect: true, strictFileInteractability: false, timeouts: {implicit: 0, pageLoad: 300000, script: 30000}, unhandledPromptBehavior: dismiss and notify, webauthn:extension:credBlob: true, webauthn:extension:largeBlob: true, webauthn:extension:minPinLength: true, webauthn:extension:prf: true, webauthn:virtualAuthenticators: true}
Element: [[ChromeDriver: chrome on WINDOWS (29d4c312ee9d2b55dfc41bee9449f7c4)] -> xpath: (//span[text()='Add a card'])[2]]
Session ID: 29d4c312ee9d2b55dfc41bee9449f7c4
at java.base/jdk.internal.reflect.DirectConstructorHandleAccessor.newInstance(DirectConstructorHandleAccessor.java:67)
at java.base/java.lang.reflect.Constructor.newInstanceWithCaller(Constructor.java:499)
at java.base/java.lang.reflect.Constructor.newInstance(Constructor.java:483)
at org.openqa.selenium.remote.codec.w3c.W3CHttpResponseCodec.createException(W3CHttpResponseCodec.java:200)
at org.openqa.selenium.remote.codec.w3c.W3CHttpResponseCodec.decode(W3CHttpResponseCodec.java:133)
at org.openqa.selenium.remote.codec.w3c.W3CHttpResponseCodec.decode(W3CHttpResponseCodec.java:53)
at org.openqa.selenium.remote.HttpCommandExecutor.execute(HttpCommandExecutor.java:184)
at org.openqa.selenium.remote.service.DriverCommandExecutor.invokeExecute(DriverCommandExecutor.java:167)
at org.openqa.selenium.remote.service.DriverCommandExecutor.execute(DriverCommandExecutor.java:142)
at org.openqa.selenium.remote.RemoteWebDriver.execute(RemoteWebDriver.java:543)
at org.openqa.selenium.remote.RemoteWebElement.execute(RemoteWebElement.java:257)
at org.openqa.selenium.remote.RemoteWebElement.click(RemoteWebElement.java:78)
at java.base/jdk.internal.reflect.DirectMethodHandleAccessor.invoke(DirectMethodHandleAccessor.java:104)
at java.base/java.lang.reflect.Method.invoke(Method.java:577)
at org.openqa.selenium.support.pagefactory.internal.LocatingElementHandler.invoke(LocatingElementHandler.java:52)
at jdk.proxy2/jdk.proxy2.$Proxy16.click(Unknown Source)
at com.qspider.atlasian.test.TrelloTestScript.CreateBoardAndArrangeTheCardsInTheAlphabeticalOrder(TrelloTestScript.java:345)
at java.base/jdk.internal.reflect.DirectMethodHandleAccessor.invoke(DirectMethodHandleAccessor.java:104)
at java.base/java.lang.reflect.Method.invoke(Method.java:577)
at org.testng.internal.invokers.MethodInvocationHelper.invokeMethod(MethodInvocationHelper.java:139)
at org.testng.internal.invokers.TestInvoker.invokeMethod(TestInvoker.java:677)
at org.testng.internal.invokers.TestInvoker.invokeTestMethod(TestInvoker.java:221)
at org.testng.internal.invokers.MethodRunner.runInSequence(MethodRunner.java:50)
at org.testng.internal.invokers.TestInvoker$MethodInvocationAgent.invoke(TestInvoker.java:969)
at org.testng.internal.invokers.TestInvoker.invokeTestMethods(TestInvoker.java:194)
at org.testng.internal.invokers.TestMethodWorker.invokeTestMethods(TestMethodWorker.java:148)
at org.testng.internal.invokers.TestMethodWorker.run(TestMethodWorker.java:128)
at java.base/java.util.ArrayList.forEach(ArrayList.java:1511)
at org.testng.TestRunner.privateRun(TestRunner.java:829)
at org.testng.TestRunner.run(TestRunner.java:602)
at org.testng.SuiteRunner.runTest(SuiteRunner.java:437)
at org.testng.SuiteRunner.runSequentially(SuiteRunner.java:431)
at org.testng.SuiteRunner.privateRun(SuiteRunner.java:391)
at org.testng.SuiteRunner.run(SuiteRunner.java:330)
at org.testng.SuiteRunnerWorker.runSuite(SuiteRunnerWorker.java:52)
at org.testng.SuiteRunnerWorker.run(SuiteRunnerWorker.java:95)
at org.testng.TestNG.runSuitesSequentially(TestNG.java:1256)
at org.testng.TestNG.runSuitesLocally(TestNG.java:1176)
at org.testng.TestNG.runSuites(TestNG.java:1099)
at org.testng.TestNG.run(TestNG.java:1067)
at org.testng.remote.AbstractRemoteTestNG.run(AbstractRemoteTestNG.java:115)
at org.testng.remote.RemoteTestNG.initAndRun(RemoteTestNG.java:251)
at org.testng.remote.RemoteTestNG.main(RemoteTestNG.java:77)
]]>
    </error>
  </testcase> <!-- CreateBoardAndArrangeTheCardsInTheAlphabeticalOrder -->
  <system-out>
    <![CDATA[Home page is displayed and verfied upon its title
Login Page is displayed  and it is verified upon the title
Login Page is displayed And it is Verified upon the url
Login with Atlassian account page is displyed and it is verified upon the title
Login with Atlassian account page is displyed and it is verified upon the Url
Board profile page is displyed and it is verified upon the Url
Board profile page is displyed and it is verified upon the title
Created Boards page is displayed and it is verified upon its title]]>
  </system-out>
  <testcase classname="com.qspider.atlasian.test.TrelloTestScript" name="Create2BoardsAndCreateListIncludingCardsAndMoveTheFullyLoadedListToOneMoreBoard" time="100.141">
    <error message="no such element: Unable to locate element: {&quot;method&quot;:&quot;xpath&quot;,&quot;selector&quot;:&quot;//input[@value=&#039;Close&#039;]&quot;}
  (Session info: chrome=111.0.5563.112)
For documentation on this error, please visit: https://selenium.dev/exceptions/#no_such_element
Build info: version: &#039;4.8.1&#039;, revision: &#039;8ebccac989&#039;
System info: os.name: &#039;Windows 10&#039;, os.arch: &#039;amd64&#039;, os.version: &#039;10.0&#039;, java.version: &#039;18.0.2&#039;
Driver info: org.openqa.selenium.chrome.ChromeDriver
Command: [703e4938e7fb094931deb79b3b9ee98a, findElement {using=xpath, value=//input[@value=&#039;Close&#039;]}]
Capabilities {acceptInsecureCerts: false, browserName: chrome, browserVersion: 111.0.5563.112, chrome: {chromedriverVersion: 111.0.5563.64 (c710e93d5b63..., userDataDir: C:\Users\Admin\AppData\Loca...}, goog:chromeOptions: {debuggerAddress: localhost:60794}, networkConnectionEnabled: false, pageLoadStrategy: normal, platformName: WINDOWS, proxy: Proxy(), se:cdp: ws://localhost:60794/devtoo..., se:cdpVersion: 111.0.5563.112, setWindowRect: true, strictFileInteractability: false, timeouts: {implicit: 0, pageLoad: 300000, script: 30000}, unhandledPromptBehavior: dismiss and notify, webauthn:extension:credBlob: true, webauthn:extension:largeBlob: true, webauthn:extension:minPinLength: true, webauthn:extension:prf: true, webauthn:virtualAuthenticators: true}
Session ID: 703e4938e7fb094931deb79b3b9ee98a" type="org.openqa.selenium.NoSuchElementException">
      <![CDATA[org.openqa.selenium.NoSuchElementException: no such element: Unable to locate element: {"method":"xpath","selector":"//input[@value='Close']"}
  (Session info: chrome=111.0.5563.112)
For documentation on this error, please visit: https://selenium.dev/exceptions/#no_such_element
Build info: version: '4.8.1', revision: '8ebccac989'
System info: os.name: 'Windows 10', os.arch: 'amd64', os.version: '10.0', java.version: '18.0.2'
Driver info: org.openqa.selenium.chrome.ChromeDriver
Command: [703e4938e7fb094931deb79b3b9ee98a, findElement {using=xpath, value=//input[@value='Close']}]
Capabilities {acceptInsecureCerts: false, browserName: chrome, browserVersion: 111.0.5563.112, chrome: {chromedriverVersion: 111.0.5563.64 (c710e93d5b63..., userDataDir: C:\Users\Admin\AppData\Loca...}, goog:chromeOptions: {debuggerAddress: localhost:60794}, networkConnectionEnabled: false, pageLoadStrategy: normal, platformName: WINDOWS, proxy: Proxy(), se:cdp: ws://localhost:60794/devtoo..., se:cdpVersion: 111.0.5563.112, setWindowRect: true, strictFileInteractability: false, timeouts: {implicit: 0, pageLoad: 300000, script: 30000}, unhandledPromptBehavior: dismiss and notify, webauthn:extension:credBlob: true, webauthn:extension:largeBlob: true, webauthn:extension:minPinLength: true, webauthn:extension:prf: true, webauthn:virtualAuthenticators: true}
Session ID: 703e4938e7fb094931deb79b3b9ee98a
at java.base/jdk.internal.reflect.DirectConstructorHandleAccessor.newInstance(DirectConstructorHandleAccessor.java:67)
at java.base/java.lang.reflect.Constructor.newInstanceWithCaller(Constructor.java:499)
at java.base/java.lang.reflect.Constructor.newInstance(Constructor.java:483)
at org.openqa.selenium.remote.codec.w3c.W3CHttpResponseCodec.createException(W3CHttpResponseCodec.java:200)
at org.openqa.selenium.remote.codec.w3c.W3CHttpResponseCodec.decode(W3CHttpResponseCodec.java:133)
at org.openqa.selenium.remote.codec.w3c.W3CHttpResponseCodec.decode(W3CHttpResponseCodec.java:53)
at org.openqa.selenium.remote.HttpCommandExecutor.execute(HttpCommandExecutor.java:184)
at org.openqa.selenium.remote.service.DriverCommandExecutor.invokeExecute(DriverCommandExecutor.java:167)
at org.openqa.selenium.remote.service.DriverCommandExecutor.execute(DriverCommandExecutor.java:142)
at org.openqa.selenium.remote.RemoteWebDriver.execute(RemoteWebDriver.java:543)
at org.openqa.selenium.remote.ElementLocation$ElementFinder$2.findElement(ElementLocation.java:162)
at org.openqa.selenium.remote.ElementLocation.findElement(ElementLocation.java:60)
at org.openqa.selenium.remote.RemoteWebDriver.findElement(RemoteWebDriver.java:352)
at org.openqa.selenium.remote.RemoteWebDriver.findElement(RemoteWebDriver.java:344)
at org.openqa.selenium.support.pagefactory.DefaultElementLocator.findElement(DefaultElementLocator.java:70)
at org.openqa.selenium.support.pagefactory.internal.LocatingElementHandler.invoke(LocatingElementHandler.java:39)
at jdk.proxy2/jdk.proxy2.$Proxy16.click(Unknown Source)
at com.qspider.atlasian.test.TrelloTestScript.TrelloDeleteBoard(TrelloTestScript.java:520)
at com.qspider.atlasian.test.TrelloTestScript.Create2BoardsAndCreateListIncludingCardsAndMoveTheFullyLoadedListToOneMoreBoard(TrelloTestScript.java:430)
at java.base/jdk.internal.reflect.DirectMethodHandleAccessor.invoke(DirectMethodHandleAccessor.java:104)
at java.base/java.lang.reflect.Method.invoke(Method.java:577)
at org.testng.internal.invokers.MethodInvocationHelper.invokeMethod(MethodInvocationHelper.java:139)
at org.testng.internal.invokers.TestInvoker.invokeMethod(TestInvoker.java:677)
at org.testng.internal.invokers.TestInvoker.invokeTestMethod(TestInvoker.java:221)
at org.testng.internal.invokers.MethodRunner.runInSequence(MethodRunner.java:50)
at org.testng.internal.invokers.TestInvoker$MethodInvocationAgent.invoke(TestInvoker.java:969)
at org.testng.internal.invokers.TestInvoker.invokeTestMethods(TestInvoker.java:194)
at org.testng.internal.invokers.TestMethodWorker.invokeTestMethods(TestMethodWorker.java:148)
at org.testng.internal.invokers.TestMethodWorker.run(TestMethodWorker.java:128)
at java.base/java.util.ArrayList.forEach(ArrayList.java:1511)
at org.testng.TestRunner.privateRun(TestRunner.java:829)
at org.testng.TestRunner.run(TestRunner.java:602)
at org.testng.SuiteRunner.runTest(SuiteRunner.java:437)
at org.testng.SuiteRunner.runSequentially(SuiteRunner.java:431)
at org.testng.SuiteRunner.privateRun(SuiteRunner.java:391)
at org.testng.SuiteRunner.run(SuiteRunner.java:330)
at org.testng.SuiteRunnerWorker.runSuite(SuiteRunnerWorker.java:52)
at org.testng.SuiteRunnerWorker.run(SuiteRunnerWorker.java:95)
at org.testng.TestNG.runSuitesSequentially(TestNG.java:1256)
at org.testng.TestNG.runSuitesLocally(TestNG.java:1176)
at org.testng.TestNG.runSuites(TestNG.java:1099)
at org.testng.TestNG.run(TestNG.java:1067)
at org.testng.remote.AbstractRemoteTestNG.run(AbstractRemoteTestNG.java:115)
at org.testng.remote.RemoteTestNG.initAndRun(RemoteTestNG.java:251)
at org.testng.remote.RemoteTestNG.main(RemoteTestNG.java:77)
]]>
    </error>
  </testcase> <!-- Create2BoardsAndCreateListIncludingCardsAndMoveTheFullyLoadedListToOneMoreBoard -->
  <system-out>
    <![CDATA[Home page is displayed and verfied upon its title
Login Page is displayed  and it is verified upon the title
Login Page is displayed And it is Verified upon the url
Login with Atlassian account page is displyed and it is verified upon the title
Login with Atlassian account page is displyed and it is verified upon the Url
Board profile page is displyed and it is verified upon the Url
Board profile page is displyed and it is verified upon the title
Created Boards page is displayed and it is verified upon its title]]>
  </system-out>
  <testcase classname="com.qspider.atlasian.test.TrelloTestScript" name="CreateBoardAndCreateTheListInTheBoardAndGetTheCardsListCount" time="118.559"/>
  <system-out>
    <![CDATA[Home page is displayed and verfied upon its title
Login Page is displayed  and it is verified upon the title
Login Page is displayed And it is Verified upon the url
Login with Atlassian account page is displyed and it is verified upon the title
Login with Atlassian account page is displyed and it is verified upon the Url
Board profile page is displyed and it is verified upon the Url
Board profile page is displyed and it is verified upon the title
Created Boards page is displayed and it is verified upon its title
cardname :webdriver
cardname :locator
cardname :xpath
cardname :screenshot
cardname :actionclass
cardsize :5
Board profile page is displyed and it is verified upon the title
Board profile page is displyed and it is verified upon the url
Atlassian Logout page is displayed and it is verified upon the title
Home page is displayed and verfied upon its title
Home page is displayed and verfied upon its url]]>
  </system-out>
</testsuite> <!-- com.qspider.atlasian.test.TrelloTestScript -->
